2021-10-21 10:24:47.1268||INFO              
Message:环境变量：Development              
 ------------------------------------------------------------------------ 
2021-10-21 10:24:47.5779||INFO              
Message:项目启动配置文件：appsettings.Development.json               
 ------------------------------------------------------------------------ 
2021-10-21 10:25:12.5963||INFO              
Message:环境变量：Development              
 ------------------------------------------------------------------------ 
2021-10-21 10:25:12.9440||INFO              
Message:项目启动配置文件：appsettings.Development.json               
 ------------------------------------------------------------------------ 
2021-10-21 10:27:07.0101||INFO              
Message:环境变量：Development              
 ------------------------------------------------------------------------ 
2021-10-21 10:27:07.3868||INFO              
Message:项目启动配置文件：appsettings.Development.json               
 ------------------------------------------------------------------------ 
2021-10-21 10:29:07.6555||INFO              
Message:环境变量：Development              
 ------------------------------------------------------------------------ 
2021-10-21 10:29:08.0540||INFO              
Message:项目启动配置文件：appsettings.Development.json               
 ------------------------------------------------------------------------ 
2021-10-21 10:32:48.7361||INFO              
Message:环境变量：Development              
 ------------------------------------------------------------------------ 
2021-10-21 10:32:49.1225||INFO              
Message:项目启动配置文件：appsettings.Development.json               
 ------------------------------------------------------------------------ 
2021-10-21 10:34:56.9906||INFO              
Message:环境变量：Development              
 ------------------------------------------------------------------------ 
2021-10-21 10:34:57.4271||INFO              
Message:项目启动配置文件：appsettings.Development.json               
 ------------------------------------------------------------------------ 
2021-10-21 10:38:09.7293||INFO              
Message:环境变量：Development              
 ------------------------------------------------------------------------ 
2021-10-21 10:38:10.2058||INFO              
Message:项目启动配置文件：appsettings.Development.json               
 ------------------------------------------------------------------------ 
2021-10-21 10:39:54.5029||INFO              
Message:环境变量：Development              
 ------------------------------------------------------------------------ 
2021-10-21 10:39:54.9119||INFO              
Message:项目启动配置文件：appsettings.Development.json               
 ------------------------------------------------------------------------ 
2021-10-21 10:44:13.7073||INFO              
Message:环境变量：Development              
 ------------------------------------------------------------------------ 
2021-10-21 10:44:14.0732||INFO              
Message:项目启动配置文件：appsettings.Development.json               
 ------------------------------------------------------------------------ 
2021-10-21 10:44:54.8785||INFO              
Message:环境变量：Development              
 ------------------------------------------------------------------------ 
2021-10-21 10:44:55.2685||INFO              
Message:项目启动配置文件：appsettings.Development.json               
 ------------------------------------------------------------------------ 
2021-10-21 10:47:52.5869|2356cf70-f668-431d-a520-5a577c138e8a|INFO              
Message:Start processing HTTP request GET https://api.weixin.qq.com/sns/jscode2session?appid=&secret=&js_code=code&grant_type=authorization_code              
 ------------------------------------------------------------------------ 
2021-10-21 10:47:52.6483|2356cf70-f668-431d-a520-5a577c138e8a|INFO              
Message:Sending HTTP request GET https://api.weixin.qq.com/sns/jscode2session?appid=&secret=&js_code=code&grant_type=authorization_code              
 ------------------------------------------------------------------------ 
2021-10-21 10:47:52.9415|2356cf70-f668-431d-a520-5a577c138e8a|INFO              
Message:Received HTTP response headers after 289.7995ms - 200              
 ------------------------------------------------------------------------ 
2021-10-21 10:47:52.9583|2356cf70-f668-431d-a520-5a577c138e8a|INFO              
Message:End processing HTTP request after 376.0462ms - 200              
 ------------------------------------------------------------------------ 
2021-10-21 10:48:24.0864|8dd46e7b-1b81-45f6-b7e7-901122a99ed6|INFO              
Message:Start processing HTTP request GET https://api.weixin.qq.com/sns/jscode2session?appid=&secret=&js_code=code&grant_type=authorization_code              
 ------------------------------------------------------------------------ 
2021-10-21 10:48:24.0980|8dd46e7b-1b81-45f6-b7e7-901122a99ed6|INFO              
Message:Sending HTTP request GET https://api.weixin.qq.com/sns/jscode2session?appid=&secret=&js_code=code&grant_type=authorization_code              
 ------------------------------------------------------------------------ 
2021-10-21 10:48:24.2104|8dd46e7b-1b81-45f6-b7e7-901122a99ed6|INFO              
Message:Received HTTP response headers after 88.3106ms - 200              
 ------------------------------------------------------------------------ 
2021-10-21 10:48:24.2339|8dd46e7b-1b81-45f6-b7e7-901122a99ed6|INFO              
Message:End processing HTTP request after 148.0363ms - 200              
 ------------------------------------------------------------------------ 
2021-10-21 10:49:25.2665||INFO              
Message:环境变量：Development              
 ------------------------------------------------------------------------ 
2021-10-21 10:49:25.6578||INFO              
Message:项目启动配置文件：appsettings.Development.json               
 ------------------------------------------------------------------------ 
2021-10-21 10:51:02.1043|7d4ed546-22be-4e42-92cd-4d912451b609|INFO              
Message:Start processing HTTP request GET https://api.weixin.qq.com/sns/jscode2session?appid=wx7a4987c3c46f3f73&secret=&js_code=code&grant_type=authorization_code              
 ------------------------------------------------------------------------ 
2021-10-21 10:51:02.1686|7d4ed546-22be-4e42-92cd-4d912451b609|INFO              
Message:Sending HTTP request GET https://api.weixin.qq.com/sns/jscode2session?appid=wx7a4987c3c46f3f73&secret=&js_code=code&grant_type=authorization_code              
 ------------------------------------------------------------------------ 
2021-10-21 10:51:02.4681|7d4ed546-22be-4e42-92cd-4d912451b609|INFO              
Message:Received HTTP response headers after 296.316ms - 200              
 ------------------------------------------------------------------------ 
2021-10-21 10:51:02.4795|7d4ed546-22be-4e42-92cd-4d912451b609|INFO              
Message:End processing HTTP request after 379.7995ms - 200              
 ------------------------------------------------------------------------ 
2021-10-21 10:51:26.8174||INFO              
Message:环境变量：Development              
 ------------------------------------------------------------------------ 
2021-10-21 10:51:27.1824||INFO              
Message:项目启动配置文件：appsettings.Development.json               
 ------------------------------------------------------------------------ 
2021-10-21 10:51:46.7870|c66a30c6-73b4-4a9b-ac29-cbec22c25860|INFO              
Message:Start processing HTTP request GET https://api.weixin.qq.com/sns/jscode2session?appid=wx7a4987c3c46f3f73&secret=d787b6d4b155d1f547329ca8449ba85f&js_code=code&grant_type=authorization_code              
 ------------------------------------------------------------------------ 
2021-10-21 10:51:46.8500|c66a30c6-73b4-4a9b-ac29-cbec22c25860|INFO              
Message:Sending HTTP request GET https://api.weixin.qq.com/sns/jscode2session?appid=wx7a4987c3c46f3f73&secret=d787b6d4b155d1f547329ca8449ba85f&js_code=code&grant_type=authorization_code              
 ------------------------------------------------------------------------ 
2021-10-21 10:51:47.1408|c66a30c6-73b4-4a9b-ac29-cbec22c25860|INFO              
Message:Received HTTP response headers after 287.4872ms - 200              
 ------------------------------------------------------------------------ 
2021-10-21 10:51:47.1480|c66a30c6-73b4-4a9b-ac29-cbec22c25860|INFO              
Message:End processing HTTP request after 365.8134ms - 200              
 ------------------------------------------------------------------------ 
2021-10-21 14:52:56.4159||INFO              
Message:环境变量：Development              
 ------------------------------------------------------------------------ 
2021-10-21 14:52:56.7969||INFO              
Message:项目启动配置文件：appsettings.Development.json               
 ------------------------------------------------------------------------ 
2021-10-21 14:53:52.7183||INFO              
Message:环境变量：Development              
 ------------------------------------------------------------------------ 
2021-10-21 14:53:53.1624||INFO              
Message:项目启动配置文件：appsettings.Development.json               
 ------------------------------------------------------------------------ 
2021-10-21 14:56:33.9033||INFO              
Message:环境变量：Development              
 ------------------------------------------------------------------------ 
2021-10-21 14:56:34.3257||INFO              
Message:项目启动配置文件：appsettings.Development.json               
 ------------------------------------------------------------------------ 
2021-10-21 15:27:20.2724||INFO              
Message:环境变量：Development              
 ------------------------------------------------------------------------ 
2021-10-21 15:27:20.6467||INFO              
Message:项目启动配置文件：appsettings.Development.json               
 ------------------------------------------------------------------------ 
2021-10-21 15:42:45.8200||INFO              
Message:环境变量：Development              
 ------------------------------------------------------------------------ 
2021-10-21 15:42:46.2023||INFO              
Message:项目启动配置文件：appsettings.Development.json               
 ------------------------------------------------------------------------ 
2021-10-21 15:43:46.1760||INFO              
Message:环境变量：Development              
 ------------------------------------------------------------------------ 
2021-10-21 15:43:46.5703||INFO              
Message:项目启动配置文件：appsettings.Development.json               
 ------------------------------------------------------------------------ 
2021-10-21 15:48:06.3118||INFO              
Message:环境变量：Development              
 ------------------------------------------------------------------------ 
2021-10-21 15:48:06.7401||INFO              
Message:项目启动配置文件：appsettings.Development.json               
 ------------------------------------------------------------------------ 
2021-10-21 15:51:00.6558||INFO              
Message:环境变量：Development              
 ------------------------------------------------------------------------ 
2021-10-21 15:51:01.0508||INFO              
Message:项目启动配置文件：appsettings.Development.json               
 ------------------------------------------------------------------------ 
2021-10-21 16:48:36.0566||INFO              
Message:环境变量：Development              
 ------------------------------------------------------------------------ 
2021-10-21 16:48:36.4821||INFO              
Message:项目启动配置文件：appsettings.Development.json               
 ------------------------------------------------------------------------ 
2021-10-21 17:21:51.6051||INFO              
Message:环境变量：Development              
 ------------------------------------------------------------------------ 
2021-10-21 17:21:51.9933||INFO              
Message:项目启动配置文件：appsettings.Development.json               
 ------------------------------------------------------------------------ 
2021-10-21 17:46:44.7493||INFO              
Message:环境变量：Development              
 ------------------------------------------------------------------------ 
2021-10-21 17:46:45.1573||INFO              
Message:项目启动配置文件：appsettings.Development.json               
 ------------------------------------------------------------------------ 
